<?xml version="1.0" encoding="UTF-8"?>
<testsuite name="org.hyperledger.fabric.hl7fhir.AssetTransferTest" tests="1" skipped="0" failures="0" errors="0" timestamp="2025-02-11T12:45:24" hostname="SPA-DESKTOP-UT9A4VD" time="8.8">
  <properties/>
  <testcase name="invokeUnknownTransaction()" classname="org.hyperledger.fabric.hl7fhir.AssetTransferTest" time="8.8"/>
  <system-out><![CDATA[]]></system-out>
  <system-err><![CDATA[]]></system-err>
</testsuite>
