<?xml version="1.0" encoding="UTF-8"?>
<testsuite name="org.hyperledger.fabric.hl7fhir.AssetTransferTest$UpdateAssetTransaction" tests="1" skipped="0" failures="0" errors="0" timestamp="2025-02-11T12:45:34" hostname="SPA-DESKTOP-UT9A4VD" time="0.054">
  <properties/>
  <testcase name="whenAssetExists()" classname="org.hyperledger.fabric.hl7fhir.AssetTransferTest$UpdateAssetTransaction" time="0.054"/>
  <system-out><![CDATA[]]></system-out>
  <system-err><![CDATA[]]></system-err>
</testsuite>
