<?xml version="1.0" encoding="UTF-8"?>
<testsuite name="org.hyperledger.fabric.hl7fhir.AssetTransferTest$InvokeReadAssetTransaction" tests="2" skipped="0" failures="0" errors="0" timestamp="2025-01-03T11:52:34" hostname="SPA-DESKTOP-UT9A4VD" time="0.016">
  <properties/>
  <testcase name="whenAssetExists()" classname="org.hyperledger.fabric.hl7fhir.AssetTransferTest$InvokeReadAssetTransaction" time="0.007"/>
  <testcase name="whenAssetDoesNotExist()" classname="org.hyperledger.fabric.hl7fhir.AssetTransferTest$InvokeReadAssetTransaction" time="0.007"/>
  <system-out><![CDATA[Asset asset1 does not exist
]]></system-out>
  <system-err><![CDATA[]]></system-err>
</testsuite>
