<?xml version="1.0" encoding="UTF-8"?>
<testsuite name="org.hyperledger.fabric.hl7fhir.AssetTest$Equality" tests="6" skipped="0" failures="0" errors="0" timestamp="2024-12-20T15:39:29" hostname="SPA-DESKTOP-UT9A4VD" time="0.218">
  <properties/>
  <testcase name="handlesOtherObjects()" classname="org.hyperledger.fabric.hl7fhir.AssetTest$Equality" time="0.195"/>
  <testcase name="isReflexive()" classname="org.hyperledger.fabric.hl7fhir.AssetTest$Equality" time="0.002"/>
  <testcase name="isTransitive()" classname="org.hyperledger.fabric.hl7fhir.AssetTest$Equality" time="0.003"/>
  <testcase name="handlesInequality()" classname="org.hyperledger.fabric.hl7fhir.AssetTest$Equality" time="0.003"/>
  <testcase name="isSymmetric()" classname="org.hyperledger.fabric.hl7fhir.AssetTest$Equality" time="0.0"/>
  <testcase name="handlesNull()" classname="org.hyperledger.fabric.hl7fhir.AssetTest$Equality" time="0.002"/>
  <system-out><![CDATA[]]></system-out>
  <system-err><![CDATA[]]></system-err>
</testsuite>
